22:13:51 **** Incremental Build of configuration Debug for project UART_CommsOpenLST ****
make -j8 all 
Building file: ../Application/User/Core/cc111x_UART.c
Invoking: MCU GCC Compiler
C:\Users\joebe\Desktop\balloon_project_swv1\UARTComms_test\UART_CommsOpenLST\SW4STM32\UART_CommsOpenLST\Debug
arm-none-eabi-gcc -mcpu=cortex-m4 -mthumb -mfloat-abi=hard -mfpu=fpv4-sp-d16 -DUSE_HAL_DRIVER -DSTM32F407xx -I"C:/Users/joebe/Desktop/balloon_project_swv1/UARTComms_test/UART_CommsOpenLST/USB_HOST/App" -I"C:/Users/joebe/Desktop/balloon_project_swv1/UARTComms_test/UART_CommsOpenLST/USB_HOST/Target" -I"C:/Users/joebe/Desktop/balloon_project_swv1/UARTComms_test/UART_CommsOpenLST/Core/Inc" -I"C:/Users/joebe/Desktop/balloon_project_swv1/UARTComms_test/UART_CommsOpenLST/Drivers/STM32F4xx_HAL_Driver/Inc" -I"C:/Users/joebe/Desktop/balloon_project_swv1/UARTComms_test/UART_CommsOpenLST/Drivers/STM32F4xx_HAL_Driver/Inc/Legacy" -I"C:/Users/joebe/Desktop/balloon_project_swv1/UARTComms_test/UART_CommsOpenLST/Middlewares/ST/STM32_USB_Host_Library/Core/Inc" -I"C:/Users/joebe/Desktop/balloon_project_swv1/UARTComms_test/UART_CommsOpenLST/Middlewares/ST/STM32_USB_Host_Library/Class/CDC/Inc" -I"C:/Users/joebe/Desktop/balloon_project_swv1/UARTComms_test/UART_CommsOpenLST/Drivers/CMSIS/Device/ST/STM32F4xx/Include" -I"C:/Users/joebe/Desktop/balloon_project_swv1/UARTComms_test/UART_CommsOpenLST/Drivers/CMSIS/Include"  -Og -g3 -Wall -fmessage-length=0 -ffunction-sections -c -fmessage-length=0 -MMD -MP -MF"Application/User/Core/cc111x_UART.d" -MT"Application/User/Core/cc111x_UART.o" -o "Application/User/Core/cc111x_UART.o" "../Application/User/Core/cc111x_UART.c"
In file included from ../Application/User/Core/cc111x_UART.c:7:0:
C:/Users/joebe/Desktop/balloon_project_swv1/UARTComms_test/UART_CommsOpenLST/Core/Inc/cc111x_UART.h:11:10: fatal error: stm32l1xx_hal.h: No such file or directory
 #include "stm32l1xx_hal.h"
          ^~~~~~~~~~~~~~~~~
compilation terminated.
Application/User/Core/subdir.mk:27: recipe for target 'Application/User/Core/cc111x_UART.o' failed
make: *** [Application/User/Core/cc111x_UART.o] Error 1
